<?xml version="1.0" encoding="UTF-8"?>
<!-- Generated by org.testng.reporters.JUnitReportReporter -->
<testsuite hostname="Kuntal" failures="0" tests="2" name="com.testing.EmployeePayroll" time="63.876" errors="0" timestamp="2022-10-20T00:30:52 IST" skipped="0">
  <testcase classname="com.testing.EmployeePayroll" name="userTest" time="33.484"/>
  <system-out/>
  <testcase classname="com.testing.EmployeePayroll" name="adminTest" time="30.392"/>
  <system-out/>
</testsuite> <!-- com.testing.EmployeePayroll -->
