<?xml version="1.0" encoding="UTF-8"?>
<!-- Generated by org.testng.reporters.JUnitReportReporter -->
<testsuite hostname="Anjali" failures="0" tests="1" name="com.testing.GoogleSearchTest" time="13.007" errors="0" timestamp="2022-09-30T20:50:22 IST" skipped="0">
  <testcase classname="com.testing.GoogleSearchTest" name="SearchTest" time="13.007"/>
  <system-out/>
</testsuite> <!-- com.testing.GoogleSearchTest -->
