<?xml version="1.0" encoding="UTF-8"?>
<!-- Generated by org.testng.reporters.JUnitReportReporter -->
<testsuite hostname="LAPTOP-UTQ6DMN4" failures="0" tests="13" name="com.testing.Login" time="82.545" errors="0" timestamp="2022-10-18T19:32:19 IST" skipped="0">
  <testcase classname="com.testing.Login" name="LeaveStatus" time="8.394"/>
  <system-out/>
  <testcase classname="com.testing.Login" name="userdashboard" time="6.446"/>
  <system-out/>
  <testcase classname="com.testing.Login" name="AdminLeaveDashboard" time="5.422"/>
  <system-out/>
  <testcase classname="com.testing.Login" name="RegisterPageTest" time="6.037"/>
  <system-out/>
  <testcase classname="com.testing.Login" name="userattendance" time="7.670"/>
  <system-out/>
  <testcase classname="com.testing.Login" name="Edit" time="5.195"/>
  <system-out/>
  <testcase classname="com.testing.Login" name="AdminSalaryDashboard" time="6.561"/>
  <system-out/>
  <testcase classname="com.testing.Login" name="signinTest" time="5.886"/>
  <system-out/>
  <testcase classname="com.testing.Login" name="AdminEmployeeDashboard" time="6.668"/>
  <system-out/>
  <testcase classname="com.testing.Login" name="AdminDashboard" time="6.163"/>
  <system-out/>
  <testcase classname="com.testing.Login" name="AdminAttendanceDashboard" time="6.710"/>
  <system-out/>
  <testcase classname="com.testing.Login" name="SalaryDashboard" time="5.433"/>
  <system-out/>
  <testcase classname="com.testing.Login" name="ApplyLeave" time="5.960"/>
  <system-out/>
</testsuite> <!-- com.testing.Login -->
