<?xml version="1.0" encoding="UTF-8"?>
<!-- Generated by org.testng.reporters.JUnitReportReporter -->
<testsuite hostname="LAPTOP-UTQ6DMN4" failures="0" tests="1" name="com.testing.RegisterPage" time="17.995" errors="0" timestamp="2022-10-18T12:17:01 IST" skipped="0">
  <testcase classname="com.testing.RegisterPage" name="RegisterPageTest" time="17.995"/>
  <system-out/>
</testsuite> <!-- com.testing.RegisterPage -->
