<?xml version="1.0" encoding="UTF-8"?>
<!-- Generated by org.testng.reporters.JUnitReportReporter -->
<testsuite hostname="LAPTOP-UTQ6DMN4" failures="0" tests="1" name="com.testing.SignIn" time="32.939" errors="0" timestamp="2022-10-18T13:14:15 IST" skipped="0">
  <testcase classname="com.testing.SignIn" name="signinTest" time="32.939"/>
  <system-out/>
</testsuite> <!-- com.testing.SignIn -->
