<?xml version="1.0" encoding="UTF-8"?>
<!-- Generated by org.testng.reporters.JUnitReportReporter -->
<testsuite hostname="LAPTOP-UTQ6DMN4" failures="0" tests="13" name="com.testing.EmployeePayroll" time="83.600" errors="0" timestamp="2022-10-18T19:37:32 IST" skipped="0">
  <testcase classname="com.testing.EmployeePayroll" name="RegisterPageTest" time="8.693"/>
  <system-out/>
  <testcase classname="com.testing.EmployeePayroll" name="signinTest" time="5.920"/>
  <system-out/>
  <testcase classname="com.testing.EmployeePayroll" name="Edit" time="5.217"/>
  <system-out/>
  <testcase classname="com.testing.EmployeePayroll" name="AdminLeaveDashboard" time="5.867"/>
  <system-out/>
  <testcase classname="com.testing.EmployeePayroll" name="AdminSalaryDashboard" time="7.024"/>
  <system-out/>
  <testcase classname="com.testing.EmployeePayroll" name="AdminDashboard" time="5.964"/>
  <system-out/>
  <testcase classname="com.testing.EmployeePayroll" name="ApplyLeave" time="6.311"/>
  <system-out/>
  <testcase classname="com.testing.EmployeePayroll" name="SalaryDashboard" time="5.460"/>
  <system-out/>
  <testcase classname="com.testing.EmployeePayroll" name="AdminEmployeeDashboard" time="6.981"/>
  <system-out/>
  <testcase classname="com.testing.EmployeePayroll" name="AdminAttendanceDashboard" time="6.579"/>
  <system-out/>
  <testcase classname="com.testing.EmployeePayroll" name="LeaveStatus" time="5.391"/>
  <system-out/>
  <testcase classname="com.testing.EmployeePayroll" name="userdashboard" time="7.237"/>
  <system-out/>
  <testcase classname="com.testing.EmployeePayroll" name="userattendance" time="6.956"/>
  <system-out/>
</testsuite> <!-- com.testing.EmployeePayroll -->
